<?xml version="1.0" encoding="UTF-8"?>
<testng-results skipped="0" failed="0" total="2" passed="2">
  <reporter-output>
  </reporter-output>
  <suite name="Default suite" duration-ms="30057" started-at="2017-12-13T14:16:29Z" finished-at="2017-12-13T14:16:59Z">
    <groups>
    </groups>
    <test name="Default test" duration-ms="30057" started-at="2017-12-13T14:16:29Z" finished-at="2017-12-13T14:16:59Z">
      <class name="com.DataDriven.NewTours_NewUserRegistrations">
        <test-method status="PASS" signature="setUp()[pri:0, instance:com.DataDriven.NewTours_NewUserRegistrations@7ac7a4e4]" name="setUp" is-config="true" duration-ms="24254" started-at="2017-12-13T19:46:29Z" finished-at="2017-12-13T19:46:54Z">
          <reporter-output>
          </reporter-output>
        </test-method> <!-- setUp -->
        <test-method status="PASS" signature="Register()[pri:1, instance:com.DataDriven.NewTours_NewUserRegistrations@7ac7a4e4]" name="Register" duration-ms="254" started-at="2017-12-13T19:46:54Z" finished-at="2017-12-13T19:46:54Z">
          <reporter-output>
          </reporter-output>
        </test-method> <!-- Register -->
        <test-method status="PASS" signature="UserRegistration()[pri:2, instance:com.DataDriven.NewTours_NewUserRegistrations@7ac7a4e4]" name="UserRegistration" duration-ms="5462" started-at="2017-12-13T19:46:54Z" finished-at="2017-12-13T19:46:59Z">
          <reporter-output>
          </reporter-output>
        </test-method> <!-- UserRegistration -->
      </class> <!-- com.DataDriven.NewTours_NewUserRegistrations -->
    </test> <!-- Default test -->
  </suite> <!-- Default suite -->
</testng-results>
